FtcRobotController/manifest-merger-release-report.txt
-- Merging decision tree log ---
manifest
ADDED from AndroidManifest.xml:2:1
	package
		ADDED from AndroidManifest.xml:3:11
	android:versionName
		ADDED from AndroidManifest.xml:5:11
	android:versionCode
		ADDED from AndroidManifest.xml:4:11
		INJECTED from AndroidManifest.xml:0:0
		INJECTED from AndroidManifest.xml:0:0
	xmlns:android
		ADDED from AndroidManifest.xml:2:11
uses-permission#android.permission.ACCESS_WIFI_STATE
ADDED from AndroidManifest.xml:7:3
	android:required
		ADDED from AndroidManifest.xml:9:5
	android:name
		ADDED from AndroidManifest.xml:8:5
uses-permission#android.permission.CHANGE_WIFI_STATE
ADDED from AndroidManifest.xml:10:3
	android:required
		ADDED from AndroidManifest.xml:12:5
	android:name
		ADDED from AndroidManifest.xml:11:5
uses-permission#android.permission.ACCESS_NETWORK_STATE
ADDED from AndroidManifest.xml:13:3
	android:required
		ADDED from AndroidManifest.xml:15:5
	android:name
		ADDED from AndroidManifest.xml:14:5
uses-permission#android.permission.CHANGE_NETWORK_STATE
ADDED from AndroidManifest.xml:16:3
	android:required
		ADDED from AndroidManifest.xml:18:5
	android:name
		ADDED from AndroidManifest.xml:17:5
uses-permission#android.permission.INTERNET
ADDED from AndroidManifest.xml:19:3
	android:required
		ADDED from AndroidManifest.xml:21:5
	android:name
		ADDED from AndroidManifest.xml:20:5
uses-permission#android.permission.WRITE_EXTERNAL_STORAGE
ADDED from AndroidManifest.xml:22:3
MERGED from :Analytics-release::9:5
	android:required
		ADDED from AndroidManifest.xml:24:5
	android:name
		ADDED from AndroidManifest.xml:23:5
uses-permission#android.permission.READ_EXTERNAL_STORAGE
ADDED from AndroidManifest.xml:25:3
	android:required
		ADDED from AndroidManifest.xml:27:5
	android:name
		ADDED from AndroidManifest.xml:26:5
uses-permission#android.permission.WRITE_SETTINGS
ADDED from AndroidManifest.xml:28:3
	android:required
		ADDED from AndroidManifest.xml:30:5
	android:name
		ADDED from AndroidManifest.xml:29:5
uses-feature#android.hardware.usb.accessory
ADDED from AndroidManifest.xml:32:3
	android:name
		ADDED from AndroidManifest.xml:32:17
application
ADDED from AndroidManifest.xml:34:3
MERGED from :Analytics-release::13:5
	android:label
		ADDED from AndroidManifest.xml:37:5
	android:allowBackup
		ADDED from AndroidManifest.xml:35:5
	android:icon
		ADDED from AndroidManifest.xml:36:5
	android:theme
		ADDED from AndroidManifest.xml:38:5
activity#com.qualcomm.ftcrobotcontroller.FtcRobotControllerActivity
ADDED from AndroidManifest.xml:39:5
	android:label
		ADDED from AndroidManifest.xml:42:7
	android:launchMode
		ADDED from AndroidManifest.xml:43:7
	android:configChanges
		ADDED from AndroidManifest.xml:41:7
	android:name
		ADDED from AndroidManifest.xml:40:7
intent-filter#android.hardware.usb.action.USB_DEVICE_ATTACHED+android.intent.action.MAIN+android.intent.category.LAUNCHER
ADDED from AndroidManifest.xml:44:7
action#android.intent.action.MAIN
ADDED from AndroidManifest.xml:45:9
	android:name
		ADDED from AndroidManifest.xml:45:17
category#android.intent.category.LAUNCHER
ADDED from AndroidManifest.xml:47:9
	android:name
		ADDED from AndroidManifest.xml:47:19
action#android.hardware.usb.action.USB_DEVICE_ATTACHED
ADDED from AndroidManifest.xml:49:9
	android:name
		ADDED from AndroidManifest.xml:49:17
meta-data#android.hardware.usb.action.USB_DEVICE_ATTACHED
ADDED from AndroidManifest.xml:52:7
	android:resource
		ADDED from AndroidManifest.xml:54:9
	android:name
		ADDED from AndroidManifest.xml:53:9
activity#com.qualcomm.ftcrobotcontroller.FtcWifiChannelSelectorActivity
ADDED from AndroidManifest.xml:56:5
	android:label
		ADDED from AndroidManifest.xml:58:7
	android:name
		ADDED from AndroidManifest.xml:57:7
intent-filter#@string/action_intent_wifi_channel_selector+android.intent.category.DEFAULT
ADDED from AndroidManifest.xml:59:7
action#@string/action_intent_wifi_channel_selector
ADDED from AndroidManifest.xml:60:9
	android:name
		ADDED from AndroidManifest.xml:60:17
category#android.intent.category.DEFAULT
ADDED from AndroidManifest.xml:61:9
	android:name
		ADDED from AndroidManifest.xml:61:19
activity#com.qualcomm.ftcrobotcontroller.AboutActivity
ADDED from AndroidManifest.xml:64:5
	android:label
		ADDED from AndroidManifest.xml:66:7
	android:name
		ADDED from AndroidManifest.xml:65:7
activity#com.qualcomm.ftcrobotcontroller.FtcRobotControllerSettingsActivity
ADDED from AndroidManifest.xml:68:5
	android:label
		ADDED from AndroidManifest.xml:70:7
	android:name
		ADDED from AndroidManifest.xml:69:7
activity#com.qualcomm.ftcrobotcontroller.FtcConfigurationActivity
ADDED from AndroidManifest.xml:72:5
	android:label
		ADDED from AndroidManifest.xml:75:7
	android:configChanges
		ADDED from AndroidManifest.xml:74:7
	android:name
		ADDED from AndroidManifest.xml:73:7
activity#com.qualcomm.ftcrobotcontroller.EditMotorControllerActivity
ADDED from AndroidManifest.xml:77:5
	android:label
		ADDED from AndroidManifest.xml:80:7
	android:windowSoftInputMode
		ADDED from AndroidManifest.xml:81:7
	android:configChanges
		ADDED from AndroidManifest.xml:79:7
	android:name
		ADDED from AndroidManifest.xml:78:7
activity#com.qualcomm.ftcrobotcontroller.EditServoControllerActivity
ADDED from AndroidManifest.xml:83:5
	android:label
		ADDED from AndroidManifest.xml:86:7
	android:windowSoftInputMode
		ADDED from AndroidManifest.xml:87:7
	android:configChanges
		ADDED from AndroidManifest.xml:85:7
	android:name
		ADDED from AndroidManifest.xml:84:7
activity#com.qualcomm.ftcrobotcontroller.EditLegacyModuleControllerActivity
ADDED from AndroidManifest.xml:89:5
	android:label
		ADDED from AndroidManifest.xml:92:7
	android:windowSoftInputMode
		ADDED from AndroidManifest.xml:93:7
	android:configChanges
		ADDED from AndroidManifest.xml:91:7
	android:name
		ADDED from AndroidManifest.xml:90:7
service#com.qualcomm.ftccommon.FtcRobotControllerService
ADDED from AndroidManifest.xml:96:5
	android:enabled
		ADDED from AndroidManifest.xml:98:7
	android:name
		ADDED from AndroidManifest.xml:97:7
activity#com.qualcomm.ftcrobotcontroller.FtcLoadFileActivity
ADDED from AndroidManifest.xml:100:5
	android:label
		ADDED from AndroidManifest.xml:102:7
	android:name
		ADDED from AndroidManifest.xml:101:7
activity#com.qualcomm.ftcrobotcontroller.AutoConfigureActivity
ADDED from AndroidManifest.xml:104:5
	android:label
		ADDED from AndroidManifest.xml:106:7
	android:name
		ADDED from AndroidManifest.xml:105:7
activity#com.qualcomm.ftccommon.ConfigWifiDirectActivity
ADDED from AndroidManifest.xml:108:5
	android:label
		ADDED from AndroidManifest.xml:110:7
	android:name
		ADDED from AndroidManifest.xml:109:7
activity#com.qualcomm.ftcrobotcontroller.ViewLogsActivity
ADDED from AndroidManifest.xml:111:5
	android:label
		ADDED from AndroidManifest.xml:114:7
	android:configChanges
		ADDED from AndroidManifest.xml:113:7
	android:name
		ADDED from AndroidManifest.xml:112:7
intent-filter#android.intent.category.DEFAULT+com.qualcomm.ftcrobotcontroller.VIEW_LOGS
ADDED from AndroidManifest.xml:115:7
action#com.qualcomm.ftcrobotcontroller.VIEW_LOGS
ADDED from AndroidManifest.xml:116:9
	android:name
		ADDED from AndroidManifest.xml:116:17
uses-sdk
INJECTED from AndroidManifest.xml:0:0 reason: use-sdk injection requested
MERGED from :RobotCore-release::5:5
MERGED from :ModernRobotics-release::5:5
MERGED from :FtcCommon-release::5:5
MERGED from :WirelessP2p-release::5:5
MERGED from :Analytics-release::5:5
	android:targetSdkVersion
		INJECTED from AndroidManifest.xml:0:0
		INJECTED from AndroidManifest.xml:0:0
	android:minSdkVersion
		INJECTED from AndroidManifest.xml:0:0
		INJECTED from AndroidManifest.xml:0:0
uses-library#android.test.runner
ADDED from :Analytics-release::16:9
	android:name
		ADDED from :Analytics-release::16:23